<?xml version="1.0" encoding="UTF-8"?>
<testsuite name="de.timpara.karoosweat.model.SettingsSerializationTest" tests="12" skipped="0" failures="0" errors="0" timestamp="2026-08-15T16:09:49.860Z" hostname="DESKTOP-RVIUMLK" time="0.084">
  <properties/>
  <testcase name="a payload from a newer build ignores unknown fields" classname="de.timpara.karoosweat.model.SettingsSerializationTest" time="0.063"/>
  <testcase name="rider mass falls back to a default when nothing is known" classname="de.timpara.karoosweat.model.SettingsSerializationTest" time="0.0"/>
  <testcase name="ride state survives a round trip" classname="de.timpara.karoosweat.model.SettingsSerializationTest" time="0.009"/>
  <testcase name="settings survive a round trip" classname="de.timpara.karoosweat.model.SettingsSerializationTest" time="0.006"/>
  <testcase name="an empty payload yields defaults" classname="de.timpara.karoosweat.model.SettingsSerializationTest" time="0.0"/>
  <testcase name="settings map onto the hydration policy" classname="de.timpara.karoosweat.model.SettingsSerializationTest" time="0.0"/>
  <testcase name="an invalid rider profile is rejected rather than silently wrong" classname="de.timpara.karoosweat.model.SettingsSerializationTest" time="0.0"/>
  <testcase name="rider mass prefers an explicit override" classname="de.timpara.karoosweat.model.SettingsSerializationTest" time="0.002"/>
  <testcase name="rider mass falls back to the karoo profile" classname="de.timpara.karoosweat.model.SettingsSerializationTest" time="0.0"/>
  <testcase name="clothing drives the bare skin fraction" classname="de.timpara.karoosweat.model.SettingsSerializationTest" time="0.001"/>
  <testcase name="a payload from an older build decodes using defaults" classname="de.timpara.karoosweat.model.SettingsSerializationTest" time="0.0"/>
  <testcase name="settings map onto the rider profile" classname="de.timpara.karoosweat.model.SettingsSerializationTest" time="0.0"/>
  <system-out><![CDATA[]]></system-out>
  <system-err><![CDATA[]]></system-err>
</testsuite>
