<?xml version="1.0" encoding="UTF-8"?>
<testsuite name="de.timpara.karoosweat.model.ReferenceTableTest" tests="1" skipped="0" failures="0" errors="0" timestamp="2026-08-15T19:36:41.555Z" hostname="DESKTOP-RVIUMLK" time="0.046">
  <properties/>
  <testcase name="print reference table" classname="de.timpara.karoosweat.model.ReferenceTableTest" time="0.046"/>
  <system-out><![CDATA[
Sweat rate (ml/h) - 75 kg / 178 cm rider, 0.35 clo, GE 0.22
==============================================================================
Power  Speed   Temp   RH          Sweat Dry loss     Wet Note
------------------------------------------------------------------------------
120    22      5      70             60      721    0.00 
150    25      10     60             60      632    0.00 
200    28      18     55            588      451    0.18 
250    30      25     50           1557      275    0.43 
250    8       25     50           2500      171    0.96 
250    30      32     40           2255       87    0.56 
250    30      32     85           2500       87    1.00 UNCOMPENSABLE
200    10      35     60           2500        5    1.00 UNCOMPENSABLE
300    34      28     45           2337      205    0.55 
180    26      22     70            772      337    0.28 
0      55      30     45             60      180    0.00 
0      45      15     60             60      640    0.00 
==============================================================================
After 2 h at 250 W / 25 C / 50% RH: sweat 3113 ml, drink target 2000 ml, body mass loss 4.2%, status CRITICAL

]]></system-out>
  <system-err><![CDATA[]]></system-err>
</testsuite>
