<?xml version="1.0" encoding="UTF-8"?>
<testsuite name="de.timpara.karoosweat.model.HeatBalanceCalibrationTest" tests="21" skipped="0" failures="0" errors="0" timestamp="2026-08-15T19:36:41.476Z" hostname="DESKTOP-RVIUMLK" time="0.056">
  <properties/>
  <testcase name="metabolic rate includes a basal term at zero power" classname="de.timpara.karoosweat.model.HeatBalanceCalibrationTest" time="0.01"/>
  <testcase name="warm threshold ride" classname="de.timpara.karoosweat.model.HeatBalanceCalibrationTest" time="0.013"/>
  <testcase name="cool conditions are compensable" classname="de.timpara.karoosweat.model.HeatBalanceCalibrationTest" time="0.0"/>
  <testcase name="adding power raises metabolic rate above basal" classname="de.timpara.karoosweat.model.HeatBalanceCalibrationTest" time="0.0"/>
  <testcase name="sweat rate increases with humidity at fixed temperature" classname="de.timpara.karoosweat.model.HeatBalanceCalibrationTest" time="0.003"/>
  <testcase name="sweat rate increases monotonically with temperature" classname="de.timpara.karoosweat.model.HeatBalanceCalibrationTest" time="0.018"/>
  <testcase name="calibration multiplier scales the output linearly" classname="de.timpara.karoosweat.model.HeatBalanceCalibrationTest" time="0.0"/>
  <testcase name="higher gross efficiency reduces sweat rate" classname="de.timpara.karoosweat.model.HeatBalanceCalibrationTest" time="0.0"/>
  <testcase name="riding in the cold still produces at least the insensible floor" classname="de.timpara.karoosweat.model.HeatBalanceCalibrationTest" time="0.001"/>
  <testcase name="hot humid ride is uncompensable" classname="de.timpara.karoosweat.model.HeatBalanceCalibrationTest" time="0.0"/>
  <testcase name="more clothing increases sweat rate" classname="de.timpara.karoosweat.model.HeatBalanceCalibrationTest" time="0.001"/>
  <testcase name="slow hot climb is worse than fast hot flat at equal power" classname="de.timpara.karoosweat.model.HeatBalanceCalibrationTest" time="0.0"/>
  <testcase name="sweat rate is capped at the physiological maximum" classname="de.timpara.karoosweat.model.HeatBalanceCalibrationTest" time="0.001"/>
  <testcase name="hot hard ride" classname="de.timpara.karoosweat.model.HeatBalanceCalibrationTest" time="0.0"/>
  <testcase name="heavier rider sweats more at the same absolute power" classname="de.timpara.karoosweat.model.HeatBalanceCalibrationTest" time="0.001"/>
  <testcase name="du bois surface area matches published values" classname="de.timpara.karoosweat.model.HeatBalanceCalibrationTest" time="0.0"/>
  <testcase name="sweat rate increases monotonically with power" classname="de.timpara.karoosweat.model.HeatBalanceCalibrationTest" time="0.0"/>
  <testcase name="zero power still produces insensible fluid loss, not zero" classname="de.timpara.karoosweat.model.HeatBalanceCalibrationTest" time="0.001"/>
  <testcase name="cool easy endurance ride" classname="de.timpara.karoosweat.model.HeatBalanceCalibrationTest" time="0.001"/>
  <testcase name="basal metabolism scales with body size" classname="de.timpara.karoosweat.model.HeatBalanceCalibrationTest" time="0.001"/>
  <testcase name="mild tempo ride" classname="de.timpara.karoosweat.model.HeatBalanceCalibrationTest" time="0.0"/>
  <system-out><![CDATA[]]></system-out>
  <system-err><![CDATA[]]></system-err>
</testsuite>
